<?xml version="1.0" encoding="UTF-8"?>
<!-- Generated by org.testng.reporters.JUnitReportReporter -->
<testsuite hostname="DESKTOP-BHR3PSD" failures="0" tests="3" name="TestNG.TestClassNG1" time="44.432" errors="0" timestamp="2023-03-22T22:36:02 IST" skipped="0">
  <testcase classname="TestNG.TestClassNG1" name="verifyAboutUsPage" time="13.460"/>
  <system-out/>
  <testcase classname="TestNG.TestClassNG1" name="verifyCareerPage" time="19.545"/>
  <system-out/>
  <testcase classname="TestNG.TestClassNG1" name="verifySmartBuyPage" time="11.427"/>
  <system-out/>
</testsuite> <!-- TestNG.TestClassNG1 -->
