<?xml version="1.0" encoding="UTF-8"?>
<!-- Generated by org.testng.reporters.JUnitReportReporter -->
<testsuite hostname="DESKTOP-BHR3PSD" failures="0" tests="3" name="TestNG.TestClassNG" time="42.827" errors="0" timestamp="2023-03-22T22:31:25 IST" skipped="0">
  <testcase classname="TestNG.TestClassNG" name="verifyLoginToNetBankingPage" time="5.008"/>
  <system-out/>
  <testcase classname="TestNG.TestClassNG" name="verifyAgriPage" time="30.745"/>
  <system-out/>
  <testcase classname="TestNG.TestClassNG" name="verifyApplyOnline" time="7.074"/>
  <system-out/>
</testsuite> <!-- TestNG.TestClassNG -->
